  pch.cpp
  aimbot.cpp
  esp.cpp
D:\sonstige\source\repos\AssaultHook\src\esp.cpp(56,75): warning C4244: 'argument': conversion from 'size_t' to 'float', possible loss of data
D:\sonstige\source\repos\AssaultHook\src\esp.cpp(73,42): warning C4244: '=': conversion from 'int' to 'float', possible loss of data
D:\sonstige\source\repos\AssaultHook\src\esp.cpp(74,44): warning C4244: '=': conversion from 'int' to 'float', possible loss of data
  geomatry.cpp
  menu.cpp
D:\sonstige\source\repos\AssaultHook\src\menu.cpp(85,90): warning C4244: 'argument': conversion from 'size_t' to 'float', possible loss of data
D:\sonstige\source\repos\AssaultHook\src\menu.cpp(100,82): warning C4244: 'argument': conversion from 'size_t' to 'float', possible loss of data
D:\sonstige\source\repos\AssaultHook\src\menu.cpp(103,83): warning C4244: 'argument': conversion from 'size_t' to 'float', possible loss of data
  openGLDraw.cpp
  openGLText.cpp
  trampoline_hook.cpp
  dllmain.cpp
  memory.cpp
  Generating code
  Previous IPDB not found, fall back to full compilation.
  All 233 functions were compiled because no usable IPDB/IOBJ from previous compilation was found.
  Finished generating code
  AssaultHook.vcxproj -> D:\sonstige\source\repos\AssaultHook\src\Release\AssaultHook.dll
